<?xml version="1.0" encoding="utf-8"?><testsuites name="pytest tests"><testsuite name="pytest" errors="0" failures="6" skipped="0" tests="70" time="12.885" timestamp="2026-09-01T14:47:50.192558+00:00" hostname="agent-env-8d97c874-7577-4cf3-b40c-f80487a7390d"><testcase classname="tests.backend_test.TestAuth" name="test_unauth_instances" time="0.844" /><testcase classname="tests.test_db_config.TestDbConfig" name="test_create_service" time="0.815" /><testcase classname="tests.test_db_config.TestDbConfig" name="test_create_duplicate_service" time="0.173" /><testcase classname="tests.backend_test.TestAuth" name="test_unauth_stats" time="0.129" /><testcase classname="tests.backend_test.TestAuth" name="test_unauth_terraform" time="0.169" /><testcase classname="tests.test_db_config.TestDbConfig" name="test_list_services_has_instance_count" time="0.159" /><testcase classname="tests.backend_test.TestAuth" name="test_health_open" time="0.165" /><testcase classname="tests.test_db_config.TestDbConfig" name="test_update_service_rename" time="0.168" /><testcase classname="tests.backend_test.TestAuth" name="test_login_success" time="0.346" /><testcase classname="tests.backend_test.TestAuth" name="test_login_bad_password" time="0.675" /><testcase classname="tests.backend_test.TestAuth" name="test_me" time="0.079" /><testcase classname="tests.test_db_config.TestDbConfig" name="test_delete_service_admin_only" time="1.219" /><testcase classname="tests.backend_test.TestAuth" name="test_register_member_and_delete" time="1.338" /><testcase classname="tests.test_db_config.TestDbConfig" name="test_create_instance_invalid_service_id" time="0.236" /><testcase classname="tests.test_db_config.TestDbConfig" name="test_create_instance_ok" time="0.131" /><testcase classname="tests.test_db_config.TestDbConfig" name="test_create_instance_duplicate_awsid" time="0.296" /><testcase classname="tests.test_db_config.TestDbConfig" name="test_create_instance_invalid_env" time="0.122" /><testcase classname="tests.test_db_config.TestDbConfig" name="test_list_instances_filter_and_service_name" time="0.204" /><testcase classname="tests.test_db_config.TestDbConfig" name="test_list_instances_search" time="0.151" /><testcase classname="tests.test_db_config.TestDbConfig" name="test_update_instance" time="0.146" /><testcase classname="tests.backend_test.TestAuth" name="test_brute_force_lockout" time="2.994" /><testcase classname="tests.test_db_config.TestDbConfig" name="test_service_delete_blocked_with_instances" time="0.160" /><testcase classname="tests.test_db_config.TestDbConfig" name="test_delete_instance_member_forbidden" time="0.181" /><testcase classname="tests.test_db_config.TestDbConfig" name="test_reject_non_xlsx" time="0.157" /><testcase classname="tests.test_db_config.TestDbConfig" name="test_import_xlsx_creates_services_and_metadata" time="0.531" /><testcase classname="tests.test_db_config.TestDbConfig" name="test_export_json_shape" time="0.183" /><testcase classname="tests.test_k8s.TestClusterCRUD" name="test_create" time="0.551" /><testcase classname="tests.test_k8s.TestClusterCRUD" name="test_list_contains_created" time="0.075" /><testcase classname="tests.test_k8s.TestClusterCRUD" name="test_get_by_id" time="0.117" /><testcase classname="tests.test_k8s.TestClusterCRUD" name="test_update" time="0.156" /><testcase classname="tests.test_k8s.TestClusterCRUD" name="test_generate_endpoint" time="0.080" /><testcase classname="tests.test_k8s.TestClusterCRUD" name="test_delete_admin_only_member_forbidden" time="0.926" /><testcase classname="tests.backend_test.TestTerraformDnsTarget" name="test_ami_from_inventory" time="0.203" /><testcase classname="tests.test_k8s.TestClusterCRUD" name="test_delete_admin_ok_and_gone" time="0.302" /><testcase classname="tests.backend_test.TestTerraformDnsTarget" name="test_dns_target_instance_private" time="0.069" /><testcase classname="tests.backend_test.TestTerraformDnsTarget" name="test_dns_target_instance_public" time="0.062" /><testcase classname="tests.backend_test.TestTerraformDnsTarget" name="test_dns_target_host" time="0.060" /><testcase classname="tests.backend_test.TestTerraformDnsTarget" name="test_dns_fallback_when_no_ec2" time="0.063" /><testcase classname="tests.backend_test.TestTerraformDnsTarget" name="test_srv_still_literal" time="0.066" /><testcase classname="tests.backend_test.TestTerraformDnsTarget" name="test_sg_still_from_port" time="0.065" /><testcase classname="tests.backend_test.TestTerraformDnsTarget" name="test_json_only_all_instances" time="0.341" /><testcase classname="tests.backend_test.TestCSV" name="test_import_success" time="0.548"><failure message="AssertionError: missing /tmp/datatest.csv&#10;assert False&#10; +  where False = &lt;function exists at 0xf9fc3be63420&gt;('/tmp/datatest.csv')&#10; +    where &lt;function exists at 0xf9fc3be63420&gt; = &lt;module 'posixpath' (frozen)&gt;.exists&#10; +      where &lt;module 'posixpath' (frozen)&gt; = os.path">E   AssertionError: missing /tmp/datatest.csv
    assert False
     +  where False = &lt;function exists at 0xf9fc3be63420&gt;('/tmp/datatest.csv')
     +    where &lt;function exists at 0xf9fc3be63420&gt; = &lt;module 'posixpath' (frozen)&gt;.exists
     +      where &lt;module 'posixpath' (frozen)&gt; = os.path</failure></testcase><testcase classname="tests.backend_test.TestCSV" name="test_stats" time="0.066"><failure message="assert 0 == 5">E   assert 0 == 5</failure></testcase><testcase classname="tests.backend_test.TestCSV" name="test_non_csv_rejected" time="0.236" /><testcase classname="tests.backend_test.TestCSV" name="test_oversized_rejected" time="0.468" /><testcase classname="tests.backend_test.TestCSV" name="test_export_csv" time="0.100" /><testcase classname="tests.backend_test.TestIter4AdminDelete" name="test_member_delete_single_forbidden" time="1.212"><failure message="AssertionError: assert 404 == 200&#10; +  where 404 = &lt;Response [404]&gt;.status_code&#10; +    where &lt;Response [404]&gt; = get('https://aws-inventory-hub.preview.emergentagent.com/api/instances/753c0260-b28f-49fd-ba1d-17b22af04424')&#10; +      where get = &lt;requests.sessions.Session object at 0xfe92fe43d4d0&gt;.get">E   AssertionError: assert 404 == 200
     +  where 404 = &lt;Response [404]&gt;.status_code
     +    where &lt;Response [404]&gt; = get('https://aws-inventory-hub.preview.emergentagent.com/api/instances/753c0260-b28f-49fd-ba1d-17b22af04424')
     +      where get = &lt;requests.sessions.Session object at 0xfe92fe43d4d0&gt;.get</failure></testcase><testcase classname="tests.backend_test.TestIter4HostPortUnique" name="test_create_duplicate_409" time="0.191" /><testcase classname="tests.backend_test.TestIter4HostPortUnique" name="test_same_host_different_port_ok" time="0.111" /><testcase classname="tests.backend_test.TestIter4AdminDelete" name="test_member_delete_all_forbidden" time="0.215" /><testcase classname="tests.backend_test.TestIter4HostPortUnique" name="test_update_conflict_409" time="0.171" /><testcase classname="tests.backend_test.TestIter4AdminDelete" name="test_admin_delete_single_ok" time="0.232" /><testcase classname="tests.backend_test.TestIter4HostPortUnique" name="test_update_self_same_hostport_ok" time="0.204" /><testcase classname="tests.backend_test.TestIter4AdminDelete" name="test_admin_delete_all_ok" time="0.323" /><testcase classname="tests.backend_test.TestInstancesExtended" name="test_create_with_all_new_fields" time="0.126" /><testcase classname="tests.backend_test.TestInstancesExtended" name="test_update" time="0.068"><failure message="assert 404 == 200&#10; +  where 404 = &lt;Response [404]&gt;.status_code">E   assert 404 == 200
     +  where 404 = &lt;Response [404]&gt;.status_code</failure></testcase><testcase classname="tests.backend_test.TestInstancesExtended" name="test_delete_single" time="0.063"><failure message="assert 404 == 200&#10; +  where 404 = &lt;Response [404]&gt;.status_code">E   assert 404 == 200
     +  where 404 = &lt;Response [404]&gt;.status_code</failure></testcase><testcase classname="tests.backend_test.TestIter4TerraformGrouping" name="test_grouping_produces_single_ec2_and_sg" time="0.464" /><testcase classname="tests.test_k8s.TestPreview" name="test_preview_returns_json_and_hcl" time="0.702" /><testcase classname="tests.backend_test.TestIter4TerraformGrouping" name="test_dns_aggregated_and_ref_single_instance" time="0.090" /><testcase classname="tests.backend_test.TestIter4TerraformGrouping" name="test_ec2_ami_from_inventory" time="0.159" /><testcase classname="tests.test_k8s.TestPreview" name="test_config_json_structure" time="0.081" /><testcase classname="tests.backend_test.TestDeleteAll" name="test_no_confirm" time="0.065" /><testcase classname="tests.test_k8s.TestPreview" name="test_hcl_contents" time="0.088" /><testcase classname="tests.backend_test.TestDeleteAll" name="test_with_confirm" time="0.195" /><testcase classname="tests.backend_test.TestIter4CsvDedup" name="test_first_import_then_reimport_skips" time="0.101"><failure message="FileNotFoundError: [Errno 2] No such file or directory: '/tmp/datatest.csv'">E   FileNotFoundError: [Errno 2] No such file or directory: '/tmp/datatest.csv'</failure></testcase><testcase classname="tests.backend_test.TestIter4CsvDedup" name="test_within_file_dedup" time="0.233" /><testcase classname="tests.test_k8s.TestAuthGuard" name="test_preview_requires_auth" time="0.177" /><testcase classname="tests.test_k8s.TestAuthGuard" name="test_list_requires_auth" time="0.328" /><testcase classname="tests.backend_test.TestTerraform" name="test_generate_full" time="1.403" /></testsuite></testsuites>