<?xml version="1.0" encoding="utf-8"?><testsuites name="pytest tests"><testsuite name="pytest" errors="0" failures="1" skipped="0" tests="16" time="10.289" timestamp="2026-09-03T16:09:35.942802+00:00" hostname="agent-env-8d97c874-7577-4cf3-b40c-f80487a7390d"><testcase classname="tests.test_aws_discovery.TestTagOptions" name="test_requires_auth" time="0.291" /><testcase classname="tests.test_aws_discovery.TestTagOptions" name="test_returns_keys_and_values" time="0.706" /><testcase classname="tests.test_aws_discovery.TestDiscover" name="test_discover_all_demo" time="0.168" /><testcase classname="tests.test_aws_discovery.TestDiscover" name="test_filter_by_tag_key_only" time="0.424" /><testcase classname="tests.test_aws_discovery.TestDiscover" name="test_filter_by_tag_key_value" time="0.354" /><testcase classname="tests.test_aws_discovery.TestAwsSettings" name="test_member_forbidden_get" time="1.163" /><testcase classname="tests.test_aws_discovery.TestAwsSettings" name="test_member_forbidden_put" time="0.268" /><testcase classname="tests.test_aws_discovery.TestAwsSettings" name="test_admin_put_and_get_masked" time="0.560" /><testcase classname="tests.test_aws_discovery.TestAwsSettings" name="test_blank_keeps_previous" time="0.379" /><testcase classname="tests.test_aws_discovery.TestAwsSettings" name="test_live_mode_graceful_502" time="2.946" /><testcase classname="tests.test_aws_discovery.TestAwsSettings" name="test_live_fake_creds_ap_south_1_502_detail" time="1.519"><failure message="requests.exceptions.JSONDecodeError: Expecting value: line 1 column 1 (char 0)">/root/.venv/lib/python3.11/site-packages/requests/models.py:1116: in json
    return complexjson.loads(self.text, **kwargs)
           ^^^^^^^^^^^^^^^^^^^^^^^^^^^^^^^^^^^^^^
/usr/local/lib/python3.11/json/__init__.py:346: in loads
    return _default_decoder.decode(s)
           ^^^^^^^^^^^^^^^^^^^^^^^^^^
/usr/local/lib/python3.11/json/decoder.py:337: in decode
    obj, end = self.raw_decode(s, idx=_w(s, 0).end())
               ^^^^^^^^^^^^^^^^^^^^^^^^^^^^^^^^^^^^^^
/usr/local/lib/python3.11/json/decoder.py:355: in raw_decode
    raise JSONDecodeError("Expecting value", s, err.value) from None
E   json.decoder.JSONDecodeError: Expecting value: line 1 column 1 (char 0)

During handling of the above exception, another exception occurred:
backend/tests/test_aws_discovery.py:199: in test_live_fake_creds_ap_south_1_502_detail
    detail = r.json().get("detail", "")
             ^^^^^^^^
/root/.venv/lib/python3.11/site-packages/requests/models.py:1120: in json
    raise RequestsJSONDecodeError(e.msg, e.doc, e.pos)
E   requests.exceptions.JSONDecodeError: Expecting value: line 1 column 1 (char 0)</failure></testcase><testcase classname="tests.test_aws_discovery.TestAwsSettings" name="test_tag_options_mode_field" time="0.287" /><testcase classname="tests.test_aws_discovery.TestRegression" name="test_login" time="0.439" /><testcase classname="tests.test_aws_discovery.TestRegression" name="test_instances_list" time="0.149" /><testcase classname="tests.test_aws_discovery.TestRegression" name="test_db_services" time="0.163" /><testcase classname="tests.test_aws_discovery.TestRegression" name="test_k8s_clusters" time="0.364" /></testsuite></testsuites>