<?xml version="1.0" encoding="utf-8"?><testsuites name="pytest tests"><testsuite name="pytest" errors="0" failures="0" skipped="0" tests="16" time="65.255" timestamp="2026-09-03T16:10:33.852527+00:00" hostname="agent-env-8d97c874-7577-4cf3-b40c-f80487a7390d"><testcase classname="tests.test_aws_discovery.TestTagOptions" name="test_requires_auth" time="0.324" /><testcase classname="tests.test_aws_discovery.TestTagOptions" name="test_returns_keys_and_values" time="0.942" /><testcase classname="tests.test_aws_discovery.TestDiscover" name="test_discover_all_demo" time="0.242" /><testcase classname="tests.test_aws_discovery.TestDiscover" name="test_filter_by_tag_key_only" time="0.347" /><testcase classname="tests.test_aws_discovery.TestDiscover" name="test_filter_by_tag_key_value" time="0.320" /><testcase classname="tests.test_aws_discovery.TestAwsSettings" name="test_member_forbidden_get" time="1.026" /><testcase classname="tests.test_aws_discovery.TestAwsSettings" name="test_member_forbidden_put" time="0.222" /><testcase classname="tests.test_aws_discovery.TestAwsSettings" name="test_admin_put_and_get_masked" time="0.368" /><testcase classname="tests.test_aws_discovery.TestAwsSettings" name="test_blank_keeps_previous" time="0.315" /><testcase classname="tests.test_aws_discovery.TestAwsSettings" name="test_live_mode_graceful_502" time="0.940" /><testcase classname="tests.test_aws_discovery.TestAwsSettings" name="test_live_fake_creds_ap_south_1_502_detail" time="3.139" /><testcase classname="tests.test_aws_discovery.TestAwsSettings" name="test_tag_options_mode_field" time="0.358" /><testcase classname="tests.test_aws_discovery.TestRegression" name="test_login" time="0.373" /><testcase classname="tests.test_aws_discovery.TestRegression" name="test_instances_list" time="0.178" /><testcase classname="tests.test_aws_discovery.TestRegression" name="test_db_services" time="19.898" /><testcase classname="tests.test_aws_discovery.TestRegression" name="test_k8s_clusters" time="36.175" /></testsuite></testsuites>