<?xml version="1.0" encoding="utf-8"?><testsuites name="pytest tests"><testsuite name="pytest" errors="0" failures="0" skipped="0" tests="14" time="4.022" timestamp="2026-09-01T15:30:12.421699+00:00" hostname="agent-env-8d97c874-7577-4cf3-b40c-f80487a7390d"><testcase classname="tests.test_aws_discovery.TestRegression" name="test_login" time="0.572" /><testcase classname="tests.test_aws_discovery.TestRegression" name="test_instances_list" time="0.669" /><testcase classname="tests.test_aws_discovery.TestRegression" name="test_db_services" time="0.379" /><testcase classname="tests.test_aws_discovery.TestAwsSettings" name="test_member_forbidden_get" time="1.825" /><testcase classname="tests.test_aws_discovery.TestRegression" name="test_k8s_clusters" time="0.144" /><testcase classname="tests.test_aws_discovery.TestDiscover" name="test_discover_all_demo" time="0.155" /><testcase classname="tests.test_aws_discovery.TestAwsSettings" name="test_member_forbidden_put" time="0.165" /><testcase classname="tests.test_aws_discovery.TestDiscover" name="test_filter_by_tag_key_only" time="0.420" /><testcase classname="tests.test_aws_discovery.TestAwsSettings" name="test_admin_put_and_get_masked" time="0.319" /><testcase classname="tests.test_aws_discovery.TestAwsSettings" name="test_blank_keeps_previous" time="0.322" /><testcase classname="tests.test_aws_discovery.TestDiscover" name="test_filter_by_tag_key_value" time="0.449" /><testcase classname="tests.test_aws_discovery.TestAwsSettings" name="test_live_mode_graceful_502" time="1.061" /><testcase classname="tests.test_aws_discovery.TestTagOptions" name="test_requires_auth" time="0.150" /><testcase classname="tests.test_aws_discovery.TestTagOptions" name="test_returns_keys_and_values" time="0.159" /></testsuite></testsuites>