<?xml version="1.0" encoding="utf-8"?><testsuites name="pytest tests"><testsuite name="pytest" errors="0" failures="0" skipped="0" tests="17" time="8.627" timestamp="2026-09-01T14:47:36.753116+00:00" hostname="agent-env-8d97c874-7577-4cf3-b40c-f80487a7390d"><testcase classname="tests.test_db_config.TestDbConfig" name="test_create_service" time="1.902" /><testcase classname="tests.test_db_config.TestDbConfig" name="test_create_duplicate_service" time="0.181" /><testcase classname="tests.test_db_config.TestDbConfig" name="test_list_services_has_instance_count" time="1.025" /><testcase classname="tests.test_db_config.TestDbConfig" name="test_update_service_rename" time="0.173" /><testcase classname="tests.test_db_config.TestDbConfig" name="test_delete_service_admin_only" time="0.906" /><testcase classname="tests.test_db_config.TestDbConfig" name="test_create_instance_invalid_service_id" time="0.161" /><testcase classname="tests.test_db_config.TestDbConfig" name="test_create_instance_ok" time="0.233" /><testcase classname="tests.test_db_config.TestDbConfig" name="test_create_instance_duplicate_awsid" time="0.146" /><testcase classname="tests.test_db_config.TestDbConfig" name="test_create_instance_invalid_env" time="0.187" /><testcase classname="tests.test_db_config.TestDbConfig" name="test_list_instances_filter_and_service_name" time="0.140" /><testcase classname="tests.test_db_config.TestDbConfig" name="test_list_instances_search" time="0.194" /><testcase classname="tests.test_db_config.TestDbConfig" name="test_update_instance" time="0.140" /><testcase classname="tests.test_db_config.TestDbConfig" name="test_service_delete_blocked_with_instances" time="0.307" /><testcase classname="tests.test_db_config.TestDbConfig" name="test_delete_instance_member_forbidden" time="0.200" /><testcase classname="tests.test_db_config.TestDbConfig" name="test_reject_non_xlsx" time="0.265" /><testcase classname="tests.test_db_config.TestDbConfig" name="test_import_xlsx_creates_services_and_metadata" time="0.576" /><testcase classname="tests.test_db_config.TestDbConfig" name="test_export_json_shape" time="1.289" /></testsuite></testsuites>