<?xml version="1.0" encoding="utf-8"?><testsuites name="pytest tests"><testsuite name="pytest" errors="0" failures="0" skipped="0" tests="6" time="2.005" timestamp="2026-09-01T15:38:05.651515+00:00" hostname="agent-env-8d97c874-7577-4cf3-b40c-f80487a7390d"><testcase classname="tests.test_discovery_dashboard" name="test_discover_all" time="0.609" /><testcase classname="tests.test_discovery_dashboard" name="test_resource_details_shape" time="0.148" /><testcase classname="tests.test_discovery_dashboard" name="test_tag_options" time="0.146" /><testcase classname="tests.test_discovery_dashboard" name="test_tag_filter_key_and_value" time="0.319" /><testcase classname="tests.test_discovery_dashboard" name="test_tag_filter_key_only" time="0.318" /><testcase classname="tests.test_discovery_dashboard" name="test_unauth_denied" time="0.139" /></testsuite></testsuites>