<?xml version="1.0" encoding="utf-8"?><testsuites name="pytest tests"><testsuite name="pytest" errors="0" failures="0" skipped="0" tests="6" time="3.857" timestamp="2026-09-04T00:17:16.627491+00:00" hostname="agent-env-8d97c874-7577-4cf3-b40c-f80487a7390d"><testcase classname="tests.test_iteration11" name="test_db_import_host_grouped_csv" time="1.893" /><testcase classname="tests.test_iteration11" name="test_combined_export" time="0.153" /><testcase classname="tests.test_iteration11" name="test_instance_action_guard_live_off" time="0.295" /><testcase classname="tests.test_iteration11" name="test_instance_action_requires_auth" time="0.165" /><testcase classname="tests.test_iteration11" name="test_manual_service_and_instance_flow" time="0.827" /><testcase classname="tests.test_iteration11" name="test_db_export_json" time="0.136" /></testsuite></testsuites>