<?xml version="1.0" encoding="utf-8"?><testsuites name="pytest tests"><testsuite name="pytest" errors="0" failures="0" skipped="0" tests="12" time="2.746" timestamp="2026-09-01T11:02:23.952302+00:00" hostname="agent-env-8d97c874-7577-4cf3-b40c-f80487a7390d"><testcase classname="tests.test_k8s.TestPreview" name="test_preview_returns_json_and_hcl" time="0.584" /><testcase classname="tests.test_k8s.TestPreview" name="test_config_json_structure" time="0.067" /><testcase classname="tests.test_k8s.TestPreview" name="test_hcl_contents" time="0.064" /><testcase classname="tests.test_k8s.TestClusterCRUD" name="test_create" time="0.098" /><testcase classname="tests.test_k8s.TestClusterCRUD" name="test_list_contains_created" time="0.066" /><testcase classname="tests.test_k8s.TestClusterCRUD" name="test_get_by_id" time="0.065" /><testcase classname="tests.test_k8s.TestClusterCRUD" name="test_update" time="0.196" /><testcase classname="tests.test_k8s.TestClusterCRUD" name="test_generate_endpoint" time="0.065" /><testcase classname="tests.test_k8s.TestClusterCRUD" name="test_delete_admin_only_member_forbidden" time="0.876" /><testcase classname="tests.test_k8s.TestClusterCRUD" name="test_delete_admin_ok_and_gone" time="0.165" /><testcase classname="tests.test_k8s.TestAuthGuard" name="test_preview_requires_auth" time="0.119" /><testcase classname="tests.test_k8s.TestAuthGuard" name="test_list_requires_auth" time="0.190" /></testsuite></testsuites>