<?xml version="1.0" encoding="utf-8"?><testsuites name="pytest tests"><testsuite name="pytest" errors="0" failures="0" skipped="0" tests="11" time="1.304" timestamp="2026-08-10T19:05:29.440825+00:00" hostname="agent-env-8d97c874-7577-4cf3-b40c-f80487a7390d"><testcase classname="tests.backend_test" name="test_root" time="0.269" /><testcase classname="tests.backend_test.TestInstanceCRUD" name="test_create_instance" time="0.099" /><testcase classname="tests.backend_test.TestInstanceCRUD" name="test_get_instance" time="0.061" /><testcase classname="tests.backend_test.TestInstanceCRUD" name="test_list_instances" time="0.060" /><testcase classname="tests.backend_test.TestInstanceCRUD" name="test_update_instance" time="0.118" /><testcase classname="tests.backend_test.TestInstanceCRUD" name="test_delete_instance" time="0.120" /><testcase classname="tests.backend_test.TestCSVImport" name="test_import_csv" time="0.128" /><testcase classname="tests.backend_test.TestCSVImport" name="test_stats_after_import" time="0.059" /><testcase classname="tests.backend_test.TestTerraform" name="test_generate_all" time="0.082" /><testcase classname="tests.backend_test.TestTerraform" name="test_generate_dns_only" time="0.063" /><testcase classname="tests.backend_test.TestTerraform" name="test_generate_empty_selection" time="0.191" /></testsuite></testsuites>