<?xml version="1.0" encoding="utf-8"?><testsuites name="pytest tests"><testsuite name="pytest" errors="0" failures="0" skipped="0" tests="41" time="9.441" timestamp="2026-08-10T20:10:00.142700+00:00" hostname="agent-env-8d97c874-7577-4cf3-b40c-f80487a7390d"><testcase classname="tests.backend_test.TestAuth" name="test_unauth_instances" time="0.704" /><testcase classname="tests.backend_test.TestAuth" name="test_unauth_stats" time="0.131" /><testcase classname="tests.backend_test.TestAuth" name="test_unauth_terraform" time="0.104" /><testcase classname="tests.backend_test.TestAuth" name="test_health_open" time="0.105" /><testcase classname="tests.backend_test.TestAuth" name="test_login_success" time="0.333" /><testcase classname="tests.backend_test.TestAuth" name="test_login_bad_password" time="0.343" /><testcase classname="tests.backend_test.TestAuth" name="test_me" time="0.056" /><testcase classname="tests.backend_test.TestAuth" name="test_register_member_and_delete" time="0.960" /><testcase classname="tests.backend_test.TestAuth" name="test_brute_force_lockout" time="1.982" /><testcase classname="tests.backend_test.TestInstancesExtended" name="test_create_with_all_new_fields" time="0.132" /><testcase classname="tests.backend_test.TestInstancesExtended" name="test_update" time="0.059" /><testcase classname="tests.backend_test.TestInstancesExtended" name="test_delete_single" time="0.050" /><testcase classname="tests.backend_test.TestCSV" name="test_import_success" time="0.134" /><testcase classname="tests.backend_test.TestCSV" name="test_stats" time="0.063" /><testcase classname="tests.backend_test.TestCSV" name="test_non_csv_rejected" time="0.062" /><testcase classname="tests.backend_test.TestCSV" name="test_oversized_rejected" time="0.330" /><testcase classname="tests.backend_test.TestCSV" name="test_export_csv" time="0.057" /><testcase classname="tests.backend_test.TestDeleteAll" name="test_no_confirm" time="0.045" /><testcase classname="tests.backend_test.TestDeleteAll" name="test_with_confirm" time="0.093" /><testcase classname="tests.backend_test.TestTerraform" name="test_generate_full" time="0.155" /><testcase classname="tests.backend_test.TestTerraformDnsTarget" name="test_ami_from_inventory" time="0.161" /><testcase classname="tests.backend_test.TestTerraformDnsTarget" name="test_dns_target_instance_private" time="0.062" /><testcase classname="tests.backend_test.TestTerraformDnsTarget" name="test_dns_target_instance_public" time="0.048" /><testcase classname="tests.backend_test.TestTerraformDnsTarget" name="test_dns_target_host" time="0.060" /><testcase classname="tests.backend_test.TestTerraformDnsTarget" name="test_dns_fallback_when_no_ec2" time="0.047" /><testcase classname="tests.backend_test.TestTerraformDnsTarget" name="test_srv_still_literal" time="0.048" /><testcase classname="tests.backend_test.TestTerraformDnsTarget" name="test_sg_still_from_port" time="0.051" /><testcase classname="tests.backend_test.TestTerraformDnsTarget" name="test_json_only_all_instances" time="0.105" /><testcase classname="tests.backend_test.TestIter4AdminDelete" name="test_member_delete_single_forbidden" time="1.030" /><testcase classname="tests.backend_test.TestIter4AdminDelete" name="test_member_delete_all_forbidden" time="0.112" /><testcase classname="tests.backend_test.TestIter4AdminDelete" name="test_admin_delete_single_ok" time="0.157" /><testcase classname="tests.backend_test.TestIter4AdminDelete" name="test_admin_delete_all_ok" time="0.277" /><testcase classname="tests.backend_test.TestIter4HostPortUnique" name="test_create_duplicate_409" time="0.187" /><testcase classname="tests.backend_test.TestIter4HostPortUnique" name="test_same_host_different_port_ok" time="0.057" /><testcase classname="tests.backend_test.TestIter4HostPortUnique" name="test_update_conflict_409" time="0.114" /><testcase classname="tests.backend_test.TestIter4HostPortUnique" name="test_update_self_same_hostport_ok" time="0.166" /><testcase classname="tests.backend_test.TestIter4CsvDedup" name="test_first_import_then_reimport_skips" time="0.151" /><testcase classname="tests.backend_test.TestIter4CsvDedup" name="test_within_file_dedup" time="0.145" /><testcase classname="tests.backend_test.TestIter4TerraformGrouping" name="test_grouping_produces_single_ec2_and_sg" time="0.218" /><testcase classname="tests.backend_test.TestIter4TerraformGrouping" name="test_dns_aggregated_and_ref_single_instance" time="0.057" /><testcase classname="tests.backend_test.TestIter4TerraformGrouping" name="test_ec2_ami_from_inventory" time="0.169" /></testsuite></testsuites>