<?xml version="1.0" encoding="utf-8"?><testsuites name="pytest tests"><testsuite name="pytest" errors="0" failures="0" skipped="0" tests="11" time="2.084" timestamp="2026-09-03T16:31:09.952718+00:00" hostname="agent-env-8d97c874-7577-4cf3-b40c-f80487a7390d"><testcase classname="tests.test_workloads.TestWorkloadsCRUD" name="test_create" time="0.844" /><testcase classname="tests.test_workloads.TestAws" name="test_test_connection_with_invalid_creds" time="1.492" /><testcase classname="tests.test_workloads.TestWorkloadsCRUD" name="test_list" time="0.094" /><testcase classname="tests.test_workloads.TestWorkloadsCRUD" name="test_get_by_id" time="0.104" /><testcase classname="tests.test_workloads.TestWorkloadsCRUD" name="test_get_404" time="0.104" /><testcase classname="tests.test_workloads.TestWorkloadsCRUD" name="test_update" time="0.197" /><testcase classname="tests.test_workloads.TestWorkloadsCRUD" name="test_preview" time="0.103" /><testcase classname="tests.test_workloads.TestWorkloadsCRUD" name="test_generate_saved" time="0.096" /><testcase classname="tests.test_workloads.TestAws" name="test_tag_options_has_mode" time="0.077" /><testcase classname="tests.test_workloads.TestWorkloadsCRUD" name="test_delete_admin" time="0.180" /><testcase classname="tests.test_workloads.TestAws" name="test_discover_demo" time="0.080" /></testsuite></testsuites>